# JRE version: OpenJDK Runtime Environment (21.0.8) (build 21.0.8+-14196175-b1038.72)
# Java VM: OpenJDK 64-Bit Server VM (21.0.8+-14196175-b1038.72, mixed mode, tiered, compressed oops, compressed class ptrs, g1 gc, windows-amd64)
GC Precious Log:
 CardTable entry size: 512
 Card Set container configuration: InlinePtr #cards 4 size 8 Array Of Cards #cards 16 size 48 Howl #buckets 8 coarsen threshold 3686 Howl Bitmap #cards 512 size 80 coarsen threshold 460 Card regions per heap region 1 cards per card region 4096
 CPUs: 16 total, 16 available
 Memory: 16088M
 Large Page Support: Disabled
 NUMA Support: Disabled
 Compressed Oops: Enabled (Zero based)
 Heap Region Size: 2M
 Heap Min Capacity: 8M
 Heap Initial Capacity: 252M
 Heap Max Capacity: 4024M
 Pre-touch: Disabled
 Parallel Workers: 13
 Concurrent Workers: 3
 Concurrent Refinement Workers: 13
 Periodic GC: Disabled
Heap:
 garbage-first heap   total 262144K, used 171225K [0x0000000704800000, 0x0000000800000000)
  region size 2048K, 4 young (8192K), 4 survivors (8192K)
 Metaspace       used 65611K, committed 65856K, reserved 1114112K
  class space    used 7374K, committed 7488K, reserved 1048576K
GC Heap History (20 events):
Event: 19.428 GC heap after
{Heap after GC invocations=13 (full 0):
 garbage-first heap   total 153600K, used 64164K [0x0000000704800000, 0x0000000800000000)
  region size 2048K, 5 young (10240K), 5 survivors (10240K)
 Metaspace       used 53311K, committed 53632K, reserved 1114112K
  class space    used 6108K, committed 6272K, reserved 1048576K
}
Event: 20.704 GC heap before
{Heap before GC invocations=13 (full 0):
 garbage-first heap   total 153600K, used 119460K [0x0000000704800000, 0x0000000800000000)
  region size 2048K, 32 young (65536K), 5 survivors (10240K)
 Metaspace       used 56422K, committed 56704K, reserved 1114112K
  class space    used 6520K, committed 6656K, reserved 1048576K
}
Event: 20.743 GC heap after
{Heap after GC invocations=14 (full 0):
 garbage-first heap   total 153600K, used 76800K [0x0000000704800000, 0x0000000800000000)
  region size 2048K, 4 young (8192K), 4 survivors (8192K)
 Metaspace       used 56422K, committed 56704K, reserved 1114112K
  class space    used 6520K, committed 6656K, reserved 1048576K
}
Event: 21.246 GC heap before
{Heap before GC invocations=14 (full 0):
 garbage-first heap   total 153600K, used 123904K [0x0000000704800000, 0x0000000800000000)
  region size 2048K, 27 young (55296K), 4 survivors (8192K)
 Metaspace       used 56422K, committed 56704K, reserved 1114112K
  class space    used 6521K, committed 6656K, reserved 1048576K
}
Event: 21.267 GC heap after
{Heap after GC invocations=15 (full 0):
 garbage-first heap   total 184320K, used 89930K [0x0000000704800000, 0x0000000800000000)
  region size 2048K, 4 young (8192K), 4 survivors (8192K)
 Metaspace       used 56422K, committed 56704K, reserved 1114112K
  class space    used 6521K, committed 6656K, reserved 1048576K
}
Event: 22.917 GC heap before
{Heap before GC invocations=16 (full 0):
 garbage-first heap   total 184320K, used 149322K [0x0000000704800000, 0x0000000800000000)
  region size 2048K, 33 young (67584K), 4 survivors (8192K)
 Metaspace       used 59278K, committed 59648K, reserved 1114112K
  class space    used 6845K, committed 6976K, reserved 1048576K
}
Event: 22.942 GC heap after
{Heap after GC invocations=17 (full 0):
 garbage-first heap   total 184320K, used 106223K [0x0000000704800000, 0x0000000800000000)
  region size 2048K, 5 young (10240K), 5 survivors (10240K)
 Metaspace       used 59278K, committed 59648K, reserved 1114112K
  class space    used 6845K, committed 6976K, reserved 1048576K
}
Event: 26.170 GC heap before
{Heap before GC invocations=17 (full 0):
 garbage-first heap   total 184320K, used 153327K [0x0000000704800000, 0x0000000800000000)
  region size 2048K, 28 young (57344K), 5 survivors (10240K)
 Metaspace       used 63244K, committed 63552K, reserved 1114112K
  class space    used 7208K, committed 7360K, reserved 1048576K
}
Event: 26.220 GC heap after
{Heap after GC invocations=18 (full 0):
 garbage-first heap   total 184320K, used 113899K [0x0000000704800000, 0x0000000800000000)
  region size 2048K, 4 young (8192K), 4 survivors (8192K)
 Metaspace       used 63244K, committed 63552K, reserved 1114112K
  class space    used 7208K, committed 7360K, reserved 1048576K
}
Event: 28.316 GC heap before
{Heap before GC invocations=18 (full 0):
 garbage-first heap   total 184320K, used 156907K [0x0000000704800000, 0x0000000800000000)
  region size 2048K, 25 young (51200K), 4 survivors (8192K)
 Metaspace       used 64420K, committed 64704K, reserved 1114112K
  class space    used 7307K, committed 7424K, reserved 1048576K
}
Event: 28.351 GC heap after
{Heap after GC invocations=19 (full 0):
 garbage-first heap   total 184320K, used 125483K [0x0000000704800000, 0x0000000800000000)
  region size 2048K, 4 young (8192K), 4 survivors (8192K)
 Metaspace       used 64420K, committed 64704K, reserved 1114112K
  class space    used 7307K, committed 7424K, reserved 1048576K
}
Event: 29.764 GC heap before
{Heap before GC invocations=20 (full 0):
 garbage-first heap   total 212992K, used 160299K [0x0000000704800000, 0x0000000800000000)
  region size 2048K, 21 young (43008K), 4 survivors (8192K)
 Metaspace       used 64923K, committed 65216K, reserved 1114112K
  class space    used 7355K, committed 7488K, reserved 1048576K
}
Event: 29.788 GC heap after
{Heap after GC invocations=21 (full 0):
 garbage-first heap   total 212992K, used 133120K [0x0000000704800000, 0x0000000800000000)
  region size 2048K, 3 young (6144K), 3 survivors (6144K)
 Metaspace       used 64923K, committed 65216K, reserved 1114112K
  class space    used 7355K, committed 7488K, reserved 1048576K
}
Event: 32.555 GC heap before
{Heap before GC invocations=21 (full 0):
 garbage-first heap   total 212992K, used 182272K [0x0000000704800000, 0x0000000800000000)
  region size 2048K, 27 young (55296K), 3 survivors (6144K)
 Metaspace       used 65472K, committed 65728K, reserved 1114112K
  class space    used 7367K, committed 7488K, reserved 1048576K
}
Event: 32.579 GC heap after
{Heap after GC invocations=22 (full 0):
 garbage-first heap   total 212992K, used 139421K [0x0000000704800000, 0x0000000800000000)
  region size 2048K, 4 young (8192K), 4 survivors (8192K)
 Metaspace       used 65472K, committed 65728K, reserved 1114112K
  class space    used 7367K, committed 7488K, reserved 1048576K
}
Event: 33.757 GC heap before
{Heap before GC invocations=22 (full 0):
 garbage-first heap   total 212992K, used 184477K [0x0000000704800000, 0x0000000800000000)
  region size 2048K, 26 young (53248K), 4 survivors (8192K)
 Metaspace       used 65582K, committed 65856K, reserved 1114112K
  class space    used 7373K, committed 7488K, reserved 1048576K
}
Event: 33.774 GC heap after
{Heap after GC invocations=23 (full 0):
 garbage-first heap   total 212992K, used 148026K [0x0000000704800000, 0x0000000800000000)
  region size 2048K, 4 young (8192K), 4 survivors (8192K)
 Metaspace       used 65582K, committed 65856K, reserved 1114112K
  class space    used 7373K, committed 7488K, reserved 1048576K
}
Event: 34.047 GC heap before
{Heap before GC invocations=24 (full 0):
 garbage-first heap   total 249856K, used 188986K [0x0000000704800000, 0x0000000800000000)
  region size 2048K, 24 young (49152K), 4 survivors (8192K)
 Metaspace       used 65582K, committed 65856K, reserved 1114112K
  class space    used 7373K, committed 7488K, reserved 1048576K
}
Event: 34.062 GC heap after
{Heap after GC invocations=25 (full 0):
 garbage-first heap   total 249856K, used 158518K [0x0000000704800000, 0x0000000800000000)
  region size 2048K, 3 young (6144K), 3 survivors (6144K)
 Metaspace       used 65582K, committed 65856K, reserved 1114112K
  class space    used 7373K, committed 7488K, reserved 1048576K
}
Event: 34.866 GC heap before
{Heap before GC invocations=25 (full 0):
 garbage-first heap   total 249856K, used 215862K [0x0000000704800000, 0x0000000800000000)
  region size 2048K, 31 young (63488K), 3 survivors (6144K)
 Metaspace       used 65611K, committed 65856K, reserved 1114112K
  class space    used 7374K, committed 7488K, reserved 1048576K
}

